INFO - 2025-09-30 19:13:50 --> Session: Class initialized using 'CodeIgniter\Session\Handlers\FileHandler' driver.
CRITICAL - 2025-09-30 19:16:11 --> Uncaught ErrorException: Undefined variable: viewFile in C:\laragon\www\YuGiOh\vendor\codeigniter4\framework\system\Debug\Exceptions.php:308
Stack trace:
#0 C:\laragon\www\YuGiOh\vendor\codeigniter4\framework\system\Debug\Exceptions.php(308): CodeIgniter\Debug\Exceptions->errorHandler(8, 'Undefined varia...', 'C:\\laragon\\www\\...', 308, Array)
#1 C:\laragon\www\YuGiOh\vendor\codeigniter4\framework\system\Debug\Exceptions.php(308): include()
#2 C:\laragon\www\YuGiOh\vendor\codeigniter4\framework\system\Debug\Exceptions.php(174): CodeIgniter\Debug\Exceptions->render(Object(CodeIgniter\Exceptions\PageNotFoundException), 404)
#3 [internal function]: CodeIgniter\Debug\Exceptions->exceptionHandler(Object(CodeIgniter\Exceptions\PageNotFoundException))
#4 {main}
  thrown
#0 [internal function]: CodeIgniter\Debug\Exceptions->shutdownHandler()
#1 {main}
INFO - 2025-09-30 19:16:17 --> Session: Class initialized using 'CodeIgniter\Session\Handlers\FileHandler' driver.
INFO - 2025-09-30 19:17:59 --> Session: Class initialized using 'CodeIgniter\Session\Handlers\FileHandler' driver.
CRITICAL - 2025-09-30 19:19:22 --> Uncaught ErrorException: Undefined variable: viewFile in C:\laragon\www\porcolDev\vendor\codeigniter4\framework\system\Debug\Exceptions.php:308
Stack trace:
#0 C:\laragon\www\porcolDev\vendor\codeigniter4\framework\system\Debug\Exceptions.php(308): CodeIgniter\Debug\Exceptions->errorHandler(8, 'Undefined varia...', 'C:\\laragon\\www\\...', 308, Array)
#1 C:\laragon\www\porcolDev\vendor\codeigniter4\framework\system\Debug\Exceptions.php(308): include()
#2 C:\laragon\www\porcolDev\vendor\codeigniter4\framework\system\Debug\Exceptions.php(174): CodeIgniter\Debug\Exceptions->render(Object(CodeIgniter\Exceptions\PageNotFoundException), 404)
#3 [internal function]: CodeIgniter\Debug\Exceptions->exceptionHandler(Object(CodeIgniter\Exceptions\PageNotFoundException))
#4 {main}
  thrown
#0 [internal function]: CodeIgniter\Debug\Exceptions->shutdownHandler()
#1 {main}
INFO - 2025-09-30 19:19:28 --> Session: Class initialized using 'CodeIgniter\Session\Handlers\FileHandler' driver.
INFO - 2025-09-30 19:19:32 --> Session: Class initialized using 'CodeIgniter\Session\Handlers\FileHandler' driver.
INFO - 2025-09-30 19:19:39 --> Session: Class initialized using 'CodeIgniter\Session\Handlers\FileHandler' driver.
INFO - 2025-09-30 21:10:00 --> Session: Class initialized using 'CodeIgniter\Session\Handlers\FileHandler' driver.
INFO - 2025-09-30 21:10:06 --> Session: Class initialized using 'CodeIgniter\Session\Handlers\FileHandler' driver.
INFO - 2025-09-30 21:10:42 --> Session: Class initialized using 'CodeIgniter\Session\Handlers\FileHandler' driver.
INFO - 2025-09-30 21:10:48 --> Session: Class initialized using 'CodeIgniter\Session\Handlers\FileHandler' driver.
INFO - 2025-09-30 21:11:29 --> Session: Class initialized using 'CodeIgniter\Session\Handlers\FileHandler' driver.
INFO - 2025-09-30 21:20:45 --> Session: Class initialized using 'CodeIgniter\Session\Handlers\FileHandler' driver.
INFO - 2025-09-30 21:20:49 --> Session: Class initialized using 'CodeIgniter\Session\Handlers\FileHandler' driver.
ERROR - 2025-09-30 21:20:50 --> YgoApiClient Error al obtener cartas aleatorias: HTTP Error: 400
ERROR - 2025-09-30 21:20:52 --> YgoApiClient Error al obtener cartas aleatorias: HTTP Error: 400
INFO - 2025-09-30 21:20:56 --> Session: Class initialized using 'CodeIgniter\Session\Handlers\FileHandler' driver.
ERROR - 2025-09-30 21:20:57 --> YgoApiClient Error al obtener cartas aleatorias: HTTP Error: 400
ERROR - 2025-09-30 21:21:00 --> YgoApiClient Error al obtener cartas aleatorias: HTTP Error: 400
CRITICAL - 2025-09-30 21:23:03 --> Invalid numeric literal
#0 C:\laragon\www\porcolDev\vendor\codeigniter4\framework\system\Autoloader\Autoloader.php(296): CodeIgniter\Autoloader\Autoloader->requireFile('C:\\laragon\\www\\...')
#1 C:\laragon\www\porcolDev\vendor\codeigniter4\framework\system\Autoloader\Autoloader.php(258): CodeIgniter\Autoloader\Autoloader->loadInNamespace('App\\Libraries\\Y...')
#2 [internal function]: CodeIgniter\Autoloader\Autoloader->loadClass('App\\Libraries\\Y...')
#3 C:\laragon\www\porcolDev\app\Controllers\DueloController.php(15): spl_autoload_call('App\\Libraries\\Y...')
#4 C:\laragon\www\porcolDev\vendor\codeigniter4\framework\system\CodeIgniter.php(890): App\Controllers\DueloController->__construct()
#5 C:\laragon\www\porcolDev\vendor\codeigniter4\framework\system\CodeIgniter.php(399): CodeIgniter\CodeIgniter->createController()
#6 C:\laragon\www\porcolDev\vendor\codeigniter4\framework\system\CodeIgniter.php(312): CodeIgniter\CodeIgniter->handleRequest(NULL, Object(Config\Cache), false)
#7 C:\laragon\www\porcolDev\index.php(45): CodeIgniter\CodeIgniter->run()
#8 {main}
CRITICAL - 2025-09-30 21:23:03 --> Uncaught ErrorException: Undefined variable: viewFile in C:\laragon\www\porcolDev\vendor\codeigniter4\framework\system\Debug\Exceptions.php:308
Stack trace:
#0 C:\laragon\www\porcolDev\vendor\codeigniter4\framework\system\Debug\Exceptions.php(308): CodeIgniter\Debug\Exceptions->errorHandler(8, 'Undefined varia...', 'C:\\laragon\\www\\...', 308, Array)
#1 C:\laragon\www\porcolDev\vendor\codeigniter4\framework\system\Debug\Exceptions.php(308): include()
#2 C:\laragon\www\porcolDev\vendor\codeigniter4\framework\system\Debug\Exceptions.php(174): CodeIgniter\Debug\Exceptions->render(Object(ParseError), 500)
#3 [internal function]: CodeIgniter\Debug\Exceptions->exceptionHandler(Object(ParseError))
#4 {main}
  thrown
#0 [internal function]: CodeIgniter\Debug\Exceptions->shutdownHandler()
#1 {main}
CRITICAL - 2025-09-30 21:23:04 --> Invalid numeric literal
#0 C:\laragon\www\porcolDev\vendor\codeigniter4\framework\system\Autoloader\Autoloader.php(296): CodeIgniter\Autoloader\Autoloader->requireFile('C:\\laragon\\www\\...')
#1 C:\laragon\www\porcolDev\vendor\codeigniter4\framework\system\Autoloader\Autoloader.php(258): CodeIgniter\Autoloader\Autoloader->loadInNamespace('App\\Libraries\\Y...')
#2 [internal function]: CodeIgniter\Autoloader\Autoloader->loadClass('App\\Libraries\\Y...')
#3 C:\laragon\www\porcolDev\app\Controllers\DueloController.php(15): spl_autoload_call('App\\Libraries\\Y...')
#4 C:\laragon\www\porcolDev\vendor\codeigniter4\framework\system\CodeIgniter.php(890): App\Controllers\DueloController->__construct()
#5 C:\laragon\www\porcolDev\vendor\codeigniter4\framework\system\CodeIgniter.php(399): CodeIgniter\CodeIgniter->createController()
#6 C:\laragon\www\porcolDev\vendor\codeigniter4\framework\system\CodeIgniter.php(312): CodeIgniter\CodeIgniter->handleRequest(NULL, Object(Config\Cache), false)
#7 C:\laragon\www\porcolDev\index.php(45): CodeIgniter\CodeIgniter->run()
#8 {main}
CRITICAL - 2025-09-30 21:23:04 --> Uncaught ErrorException: Undefined variable: viewFile in C:\laragon\www\porcolDev\vendor\codeigniter4\framework\system\Debug\Exceptions.php:308
Stack trace:
#0 C:\laragon\www\porcolDev\vendor\codeigniter4\framework\system\Debug\Exceptions.php(308): CodeIgniter\Debug\Exceptions->errorHandler(8, 'Undefined varia...', 'C:\\laragon\\www\\...', 308, Array)
#1 C:\laragon\www\porcolDev\vendor\codeigniter4\framework\system\Debug\Exceptions.php(308): include()
#2 C:\laragon\www\porcolDev\vendor\codeigniter4\framework\system\Debug\Exceptions.php(174): CodeIgniter\Debug\Exceptions->render(Object(ParseError), 500)
#3 [internal function]: CodeIgniter\Debug\Exceptions->exceptionHandler(Object(ParseError))
#4 {main}
  thrown
#0 [internal function]: CodeIgniter\Debug\Exceptions->shutdownHandler()
#1 {main}
INFO - 2025-09-30 21:24:51 --> Session: Class initialized using 'CodeIgniter\Session\Handlers\FileHandler' driver.
INFO - 2025-09-30 21:24:55 --> Session: Class initialized using 'CodeIgniter\Session\Handlers\FileHandler' driver.
ERROR - 2025-09-30 21:24:55 --> YgoApiClient Error al obtener cartas aleatorias: HTTP Error: 400
ERROR - 2025-09-30 21:24:56 --> YgoApiClient Error al obtener cartas aleatorias: HTTP Error: 400
INFO - 2025-09-30 21:24:58 --> Session: Class initialized using 'CodeIgniter\Session\Handlers\FileHandler' driver.
ERROR - 2025-09-30 21:24:58 --> YgoApiClient Error al obtener cartas aleatorias: HTTP Error: 400
ERROR - 2025-09-30 21:24:59 --> YgoApiClient Error al obtener cartas aleatorias: HTTP Error: 400
CRITICAL - 2025-09-30 21:27:30 --> Invalid numeric literal
#0 C:\laragon\www\porcolDev\vendor\codeigniter4\framework\system\Autoloader\Autoloader.php(296): CodeIgniter\Autoloader\Autoloader->requireFile('C:\\laragon\\www\\...')
#1 C:\laragon\www\porcolDev\vendor\codeigniter4\framework\system\Autoloader\Autoloader.php(258): CodeIgniter\Autoloader\Autoloader->loadInNamespace('App\\Libraries\\Y...')
#2 [internal function]: CodeIgniter\Autoloader\Autoloader->loadClass('App\\Libraries\\Y...')
#3 C:\laragon\www\porcolDev\app\Controllers\DueloController.php(15): spl_autoload_call('App\\Libraries\\Y...')
#4 C:\laragon\www\porcolDev\vendor\codeigniter4\framework\system\CodeIgniter.php(890): App\Controllers\DueloController->__construct()
#5 C:\laragon\www\porcolDev\vendor\codeigniter4\framework\system\CodeIgniter.php(399): CodeIgniter\CodeIgniter->createController()
#6 C:\laragon\www\porcolDev\vendor\codeigniter4\framework\system\CodeIgniter.php(312): CodeIgniter\CodeIgniter->handleRequest(NULL, Object(Config\Cache), false)
#7 C:\laragon\www\porcolDev\index.php(45): CodeIgniter\CodeIgniter->run()
#8 {main}
CRITICAL - 2025-09-30 21:27:30 --> Uncaught ErrorException: Undefined variable: viewFile in C:\laragon\www\porcolDev\vendor\codeigniter4\framework\system\Debug\Exceptions.php:308
Stack trace:
#0 C:\laragon\www\porcolDev\vendor\codeigniter4\framework\system\Debug\Exceptions.php(308): CodeIgniter\Debug\Exceptions->errorHandler(8, 'Undefined varia...', 'C:\\laragon\\www\\...', 308, Array)
#1 C:\laragon\www\porcolDev\vendor\codeigniter4\framework\system\Debug\Exceptions.php(308): include()
#2 C:\laragon\www\porcolDev\vendor\codeigniter4\framework\system\Debug\Exceptions.php(174): CodeIgniter\Debug\Exceptions->render(Object(ParseError), 500)
#3 [internal function]: CodeIgniter\Debug\Exceptions->exceptionHandler(Object(ParseError))
#4 {main}
  thrown
#0 [internal function]: CodeIgniter\Debug\Exceptions->shutdownHandler()
#1 {main}
CRITICAL - 2025-09-30 21:27:31 --> Invalid numeric literal
#0 C:\laragon\www\porcolDev\vendor\codeigniter4\framework\system\Autoloader\Autoloader.php(296): CodeIgniter\Autoloader\Autoloader->requireFile('C:\\laragon\\www\\...')
#1 C:\laragon\www\porcolDev\vendor\codeigniter4\framework\system\Autoloader\Autoloader.php(258): CodeIgniter\Autoloader\Autoloader->loadInNamespace('App\\Libraries\\Y...')
#2 [internal function]: CodeIgniter\Autoloader\Autoloader->loadClass('App\\Libraries\\Y...')
#3 C:\laragon\www\porcolDev\app\Controllers\DueloController.php(15): spl_autoload_call('App\\Libraries\\Y...')
#4 C:\laragon\www\porcolDev\vendor\codeigniter4\framework\system\CodeIgniter.php(890): App\Controllers\DueloController->__construct()
#5 C:\laragon\www\porcolDev\vendor\codeigniter4\framework\system\CodeIgniter.php(399): CodeIgniter\CodeIgniter->createController()
#6 C:\laragon\www\porcolDev\vendor\codeigniter4\framework\system\CodeIgniter.php(312): CodeIgniter\CodeIgniter->handleRequest(NULL, Object(Config\Cache), false)
#7 C:\laragon\www\porcolDev\index.php(45): CodeIgniter\CodeIgniter->run()
#8 {main}
CRITICAL - 2025-09-30 21:27:31 --> Uncaught ErrorException: Undefined variable: viewFile in C:\laragon\www\porcolDev\vendor\codeigniter4\framework\system\Debug\Exceptions.php:308
Stack trace:
#0 C:\laragon\www\porcolDev\vendor\codeigniter4\framework\system\Debug\Exceptions.php(308): CodeIgniter\Debug\Exceptions->errorHandler(8, 'Undefined varia...', 'C:\\laragon\\www\\...', 308, Array)
#1 C:\laragon\www\porcolDev\vendor\codeigniter4\framework\system\Debug\Exceptions.php(308): include()
#2 C:\laragon\www\porcolDev\vendor\codeigniter4\framework\system\Debug\Exceptions.php(174): CodeIgniter\Debug\Exceptions->render(Object(ParseError), 500)
#3 [internal function]: CodeIgniter\Debug\Exceptions->exceptionHandler(Object(ParseError))
#4 {main}
  thrown
#0 [internal function]: CodeIgniter\Debug\Exceptions->shutdownHandler()
#1 {main}
CRITICAL - 2025-09-30 21:27:32 --> Invalid numeric literal
#0 C:\laragon\www\porcolDev\vendor\codeigniter4\framework\system\Autoloader\Autoloader.php(296): CodeIgniter\Autoloader\Autoloader->requireFile('C:\\laragon\\www\\...')
#1 C:\laragon\www\porcolDev\vendor\codeigniter4\framework\system\Autoloader\Autoloader.php(258): CodeIgniter\Autoloader\Autoloader->loadInNamespace('App\\Libraries\\Y...')
#2 [internal function]: CodeIgniter\Autoloader\Autoloader->loadClass('App\\Libraries\\Y...')
#3 C:\laragon\www\porcolDev\app\Controllers\DueloController.php(15): spl_autoload_call('App\\Libraries\\Y...')
#4 C:\laragon\www\porcolDev\vendor\codeigniter4\framework\system\CodeIgniter.php(890): App\Controllers\DueloController->__construct()
#5 C:\laragon\www\porcolDev\vendor\codeigniter4\framework\system\CodeIgniter.php(399): CodeIgniter\CodeIgniter->createController()
#6 C:\laragon\www\porcolDev\vendor\codeigniter4\framework\system\CodeIgniter.php(312): CodeIgniter\CodeIgniter->handleRequest(NULL, Object(Config\Cache), false)
#7 C:\laragon\www\porcolDev\index.php(45): CodeIgniter\CodeIgniter->run()
#8 {main}
CRITICAL - 2025-09-30 21:27:32 --> Uncaught ErrorException: Undefined variable: viewFile in C:\laragon\www\porcolDev\vendor\codeigniter4\framework\system\Debug\Exceptions.php:308
Stack trace:
#0 C:\laragon\www\porcolDev\vendor\codeigniter4\framework\system\Debug\Exceptions.php(308): CodeIgniter\Debug\Exceptions->errorHandler(8, 'Undefined varia...', 'C:\\laragon\\www\\...', 308, Array)
#1 C:\laragon\www\porcolDev\vendor\codeigniter4\framework\system\Debug\Exceptions.php(308): include()
#2 C:\laragon\www\porcolDev\vendor\codeigniter4\framework\system\Debug\Exceptions.php(174): CodeIgniter\Debug\Exceptions->render(Object(ParseError), 500)
#3 [internal function]: CodeIgniter\Debug\Exceptions->exceptionHandler(Object(ParseError))
#4 {main}
  thrown
#0 [internal function]: CodeIgniter\Debug\Exceptions->shutdownHandler()
#1 {main}
CRITICAL - 2025-09-30 21:29:56 --> Invalid numeric literal
#0 C:\laragon\www\porcolDev\vendor\codeigniter4\framework\system\Autoloader\Autoloader.php(296): CodeIgniter\Autoloader\Autoloader->requireFile('C:\\laragon\\www\\...')
#1 C:\laragon\www\porcolDev\vendor\codeigniter4\framework\system\Autoloader\Autoloader.php(258): CodeIgniter\Autoloader\Autoloader->loadInNamespace('App\\Libraries\\Y...')
#2 [internal function]: CodeIgniter\Autoloader\Autoloader->loadClass('App\\Libraries\\Y...')
#3 C:\laragon\www\porcolDev\app\Controllers\DueloController.php(15): spl_autoload_call('App\\Libraries\\Y...')
#4 C:\laragon\www\porcolDev\vendor\codeigniter4\framework\system\CodeIgniter.php(890): App\Controllers\DueloController->__construct()
#5 C:\laragon\www\porcolDev\vendor\codeigniter4\framework\system\CodeIgniter.php(399): CodeIgniter\CodeIgniter->createController()
#6 C:\laragon\www\porcolDev\vendor\codeigniter4\framework\system\CodeIgniter.php(312): CodeIgniter\CodeIgniter->handleRequest(NULL, Object(Config\Cache), false)
#7 C:\laragon\www\porcolDev\index.php(45): CodeIgniter\CodeIgniter->run()
#8 {main}
CRITICAL - 2025-09-30 21:29:56 --> Uncaught ErrorException: Undefined variable: viewFile in C:\laragon\www\porcolDev\vendor\codeigniter4\framework\system\Debug\Exceptions.php:308
Stack trace:
#0 C:\laragon\www\porcolDev\vendor\codeigniter4\framework\system\Debug\Exceptions.php(308): CodeIgniter\Debug\Exceptions->errorHandler(8, 'Undefined varia...', 'C:\\laragon\\www\\...', 308, Array)
#1 C:\laragon\www\porcolDev\vendor\codeigniter4\framework\system\Debug\Exceptions.php(308): include()
#2 C:\laragon\www\porcolDev\vendor\codeigniter4\framework\system\Debug\Exceptions.php(174): CodeIgniter\Debug\Exceptions->render(Object(ParseError), 500)
#3 [internal function]: CodeIgniter\Debug\Exceptions->exceptionHandler(Object(ParseError))
#4 {main}
  thrown
#0 [internal function]: CodeIgniter\Debug\Exceptions->shutdownHandler()
#1 {main}
CRITICAL - 2025-09-30 21:33:32 --> Uncaught ErrorException: Undefined variable: viewFile in C:\laragon\www\porcolDev\vendor\codeigniter4\framework\system\Debug\Exceptions.php:308
Stack trace:
#0 C:\laragon\www\porcolDev\vendor\codeigniter4\framework\system\Debug\Exceptions.php(308): CodeIgniter\Debug\Exceptions->errorHandler(8, 'Undefined varia...', 'C:\\laragon\\www\\...', 308, Array)
#1 C:\laragon\www\porcolDev\vendor\codeigniter4\framework\system\Debug\Exceptions.php(308): include()
#2 C:\laragon\www\porcolDev\vendor\codeigniter4\framework\system\Debug\Exceptions.php(174): CodeIgniter\Debug\Exceptions->render(Object(CodeIgniter\Exceptions\PageNotFoundException), 404)
#3 [internal function]: CodeIgniter\Debug\Exceptions->exceptionHandler(Object(CodeIgniter\Exceptions\PageNotFoundException))
#4 {main}
  thrown
#0 [internal function]: CodeIgniter\Debug\Exceptions->shutdownHandler()
#1 {main}
INFO - 2025-09-30 21:33:42 --> Session: Class initialized using 'CodeIgniter\Session\Handlers\FileHandler' driver.
INFO - 2025-09-30 21:33:48 --> Session: Class initialized using 'CodeIgniter\Session\Handlers\FileHandler' driver.
ERROR - 2025-09-30 21:33:51 --> YugiohApiClient Error: HTTP Error: 400
ERROR - 2025-09-30 21:33:51 --> Error al iniciar duelo: HTTP Error: 400
INFO - 2025-09-30 21:34:11 --> Session: Class initialized using 'CodeIgniter\Session\Handlers\FileHandler' driver.
ERROR - 2025-09-30 21:34:14 --> YugiohApiClient Error: HTTP Error: 400
ERROR - 2025-09-30 21:34:14 --> Error al iniciar duelo: HTTP Error: 400
INFO - 2025-09-30 21:35:05 --> Session: Class initialized using 'CodeIgniter\Session\Handlers\FileHandler' driver.
INFO - 2025-09-30 21:35:12 --> Session: Class initialized using 'CodeIgniter\Session\Handlers\FileHandler' driver.
INFO - 2025-09-30 21:40:51 --> Session: Class initialized using 'CodeIgniter\Session\Handlers\FileHandler' driver.
INFO - 2025-09-30 21:41:05 --> Session: Class initialized using 'CodeIgniter\Session\Handlers\FileHandler' driver.
INFO - 2025-09-30 21:41:10 --> Session: Class initialized using 'CodeIgniter\Session\Handlers\FileHandler' driver.
INFO - 2025-09-30 21:46:47 --> Session: Class initialized using 'CodeIgniter\Session\Handlers\FileHandler' driver.
INFO - 2025-09-30 21:46:53 --> Session: Class initialized using 'CodeIgniter\Session\Handlers\FileHandler' driver.
INFO - 2025-09-30 21:48:13 --> Session: Class initialized using 'CodeIgniter\Session\Handlers\FileHandler' driver.
INFO - 2025-09-30 21:48:17 --> Session: Class initialized using 'CodeIgniter\Session\Handlers\FileHandler' driver.
INFO - 2025-09-30 21:49:23 --> Session: Class initialized using 'CodeIgniter\Session\Handlers\FileHandler' driver.
INFO - 2025-09-30 21:49:27 --> Session: Class initialized using 'CodeIgniter\Session\Handlers\FileHandler' driver.
INFO - 2025-09-30 21:52:48 --> Session: Class initialized using 'CodeIgniter\Session\Handlers\FileHandler' driver.
INFO - 2025-09-30 21:52:52 --> Session: Class initialized using 'CodeIgniter\Session\Handlers\FileHandler' driver.
INFO - 2025-09-30 22:06:34 --> Session: Class initialized using 'CodeIgniter\Session\Handlers\FileHandler' driver.
INFO - 2025-09-30 22:06:55 --> Session: Class initialized using 'CodeIgniter\Session\Handlers\FileHandler' driver.
INFO - 2025-09-30 22:07:02 --> Session: Class initialized using 'CodeIgniter\Session\Handlers\FileHandler' driver.
INFO - 2025-09-30 22:07:55 --> Session: Class initialized using 'CodeIgniter\Session\Handlers\FileHandler' driver.
INFO - 2025-09-30 22:08:07 --> Session: Class initialized using 'CodeIgniter\Session\Handlers\FileHandler' driver.
INFO - 2025-09-30 22:08:18 --> Session: Class initialized using 'CodeIgniter\Session\Handlers\FileHandler' driver.
INFO - 2025-09-30 22:08:28 --> Session: Class initialized using 'CodeIgniter\Session\Handlers\FileHandler' driver.
INFO - 2025-09-30 22:12:13 --> Session: Class initialized using 'CodeIgniter\Session\Handlers\FileHandler' driver.
INFO - 2025-09-30 22:12:17 --> Session: Class initialized using 'CodeIgniter\Session\Handlers\FileHandler' driver.
INFO - 2025-09-30 22:12:41 --> Session: Class initialized using 'CodeIgniter\Session\Handlers\FileHandler' driver.
INFO - 2025-09-30 22:12:56 --> Session: Class initialized using 'CodeIgniter\Session\Handlers\FileHandler' driver.
INFO - 2025-09-30 22:13:01 --> Session: Class initialized using 'CodeIgniter\Session\Handlers\FileHandler' driver.
INFO - 2025-09-30 22:13:56 --> Session: Class initialized using 'CodeIgniter\Session\Handlers\FileHandler' driver.
INFO - 2025-09-30 22:14:05 --> Session: Class initialized using 'CodeIgniter\Session\Handlers\FileHandler' driver.
INFO - 2025-09-30 22:14:30 --> Session: Class initialized using 'CodeIgniter\Session\Handlers\FileHandler' driver.
INFO - 2025-09-30 22:19:35 --> Session: Class initialized using 'CodeIgniter\Session\Handlers\FileHandler' driver.
INFO - 2025-09-30 22:20:24 --> Session: Class initialized using 'CodeIgniter\Session\Handlers\FileHandler' driver.
INFO - 2025-09-30 22:20:31 --> Session: Class initialized using 'CodeIgniter\Session\Handlers\FileHandler' driver.
INFO - 2025-09-30 22:20:41 --> Session: Class initialized using 'CodeIgniter\Session\Handlers\FileHandler' driver.
INFO - 2025-09-30 22:22:57 --> Session: Class initialized using 'CodeIgniter\Session\Handlers\FileHandler' driver.
INFO - 2025-09-30 22:24:23 --> Session: Class initialized using 'CodeIgniter\Session\Handlers\FileHandler' driver.
INFO - 2025-09-30 22:27:32 --> Session: Class initialized using 'CodeIgniter\Session\Handlers\FileHandler' driver.
CRITICAL - 2025-09-30 22:27:32 --> Invalid file: vacaciones/script_crear.php
#0 C:\laragon\www\porcolDev\vendor\codeigniter4\framework\system\View\View.php(228): CodeIgniter\Exceptions\FrameworkException::forInvalidFile('vacaciones/scri...')
#1 C:\laragon\www\porcolDev\vendor\codeigniter4\framework\system\View\View.php(525): CodeIgniter\View\View->render('vacaciones/scri...', NULL, true)
#2 C:\laragon\www\porcolDev\app\Views\yugioh\index.php(96): CodeIgniter\View\View->include('vacaciones/scri...')
#3 C:\laragon\www\porcolDev\vendor\codeigniter4\framework\system\View\View.php(246): include('C:\\laragon\\www\\...')
#4 C:\laragon\www\porcolDev\vendor\codeigniter4\framework\system\Common.php(1119): CodeIgniter\View\View->render('yugioh/index', Array, true)
#5 C:\laragon\www\porcolDev\app\Controllers\YugiohDuelController.php(21): view('yugioh/index')
#6 C:\laragon\www\porcolDev\vendor\codeigniter4\framework\system\CodeIgniter.php(918): App\Controllers\YugiohDuelController->index()
#7 C:\laragon\www\porcolDev\vendor\codeigniter4\framework\system\CodeIgniter.php(404): CodeIgniter\CodeIgniter->runController(Object(App\Controllers\YugiohDuelController))
#8 C:\laragon\www\porcolDev\vendor\codeigniter4\framework\system\CodeIgniter.php(312): CodeIgniter\CodeIgniter->handleRequest(NULL, Object(Config\Cache), false)
#9 C:\laragon\www\porcolDev\index.php(45): CodeIgniter\CodeIgniter->run()
#10 {main}
CRITICAL - 2025-09-30 22:27:32 --> Uncaught ErrorException: Undefined variable: viewFile in C:\laragon\www\porcolDev\vendor\codeigniter4\framework\system\Debug\Exceptions.php:308
Stack trace:
#0 C:\laragon\www\porcolDev\vendor\codeigniter4\framework\system\Debug\Exceptions.php(308): CodeIgniter\Debug\Exceptions->errorHandler(8, 'Undefined varia...', 'C:\\laragon\\www\\...', 308, Array)
#1 C:\laragon\www\porcolDev\vendor\codeigniter4\framework\system\Debug\Exceptions.php(308): include()
#2 C:\laragon\www\porcolDev\vendor\codeigniter4\framework\system\Debug\Exceptions.php(174): CodeIgniter\Debug\Exceptions->render(Object(CodeIgniter\View\Exceptions\ViewException), 500)
#3 [internal function]: CodeIgniter\Debug\Exceptions->exceptionHandler(Object(CodeIgniter\View\Exceptions\ViewException))
#4 {main}
  thrown
#0 [internal function]: CodeIgniter\Debug\Exceptions->shutdownHandler()
#1 {main}
INFO - 2025-09-30 22:27:42 --> Session: Class initialized using 'CodeIgniter\Session\Handlers\FileHandler' driver.
CRITICAL - 2025-09-30 22:27:42 --> Invalid file: vacaciones/script_crear.php
#0 C:\laragon\www\porcolDev\vendor\codeigniter4\framework\system\View\View.php(228): CodeIgniter\Exceptions\FrameworkException::forInvalidFile('vacaciones/scri...')
#1 C:\laragon\www\porcolDev\vendor\codeigniter4\framework\system\View\View.php(525): CodeIgniter\View\View->render('vacaciones/scri...', NULL, true)
#2 C:\laragon\www\porcolDev\app\Views\yugioh\index.php(96): CodeIgniter\View\View->include('vacaciones/scri...')
#3 C:\laragon\www\porcolDev\vendor\codeigniter4\framework\system\View\View.php(246): include('C:\\laragon\\www\\...')
#4 C:\laragon\www\porcolDev\vendor\codeigniter4\framework\system\Common.php(1119): CodeIgniter\View\View->render('yugioh/index', Array, true)
#5 C:\laragon\www\porcolDev\app\Controllers\YugiohDuelController.php(21): view('yugioh/index')
#6 C:\laragon\www\porcolDev\vendor\codeigniter4\framework\system\CodeIgniter.php(918): App\Controllers\YugiohDuelController->index()
#7 C:\laragon\www\porcolDev\vendor\codeigniter4\framework\system\CodeIgniter.php(404): CodeIgniter\CodeIgniter->runController(Object(App\Controllers\YugiohDuelController))
#8 C:\laragon\www\porcolDev\vendor\codeigniter4\framework\system\CodeIgniter.php(312): CodeIgniter\CodeIgniter->handleRequest(NULL, Object(Config\Cache), false)
#9 C:\laragon\www\porcolDev\index.php(45): CodeIgniter\CodeIgniter->run()
#10 {main}
CRITICAL - 2025-09-30 22:27:42 --> Uncaught ErrorException: Undefined variable: viewFile in C:\laragon\www\porcolDev\vendor\codeigniter4\framework\system\Debug\Exceptions.php:308
Stack trace:
#0 C:\laragon\www\porcolDev\vendor\codeigniter4\framework\system\Debug\Exceptions.php(308): CodeIgniter\Debug\Exceptions->errorHandler(8, 'Undefined varia...', 'C:\\laragon\\www\\...', 308, Array)
#1 C:\laragon\www\porcolDev\vendor\codeigniter4\framework\system\Debug\Exceptions.php(308): include()
#2 C:\laragon\www\porcolDev\vendor\codeigniter4\framework\system\Debug\Exceptions.php(174): CodeIgniter\Debug\Exceptions->render(Object(CodeIgniter\View\Exceptions\ViewException), 500)
#3 [internal function]: CodeIgniter\Debug\Exceptions->exceptionHandler(Object(CodeIgniter\View\Exceptions\ViewException))
#4 {main}
  thrown
#0 [internal function]: CodeIgniter\Debug\Exceptions->shutdownHandler()
#1 {main}
INFO - 2025-09-30 22:27:43 --> Session: Class initialized using 'CodeIgniter\Session\Handlers\FileHandler' driver.
CRITICAL - 2025-09-30 22:27:43 --> Invalid file: vacaciones/script_crear.php
#0 C:\laragon\www\porcolDev\vendor\codeigniter4\framework\system\View\View.php(228): CodeIgniter\Exceptions\FrameworkException::forInvalidFile('vacaciones/scri...')
#1 C:\laragon\www\porcolDev\vendor\codeigniter4\framework\system\View\View.php(525): CodeIgniter\View\View->render('vacaciones/scri...', NULL, true)
#2 C:\laragon\www\porcolDev\app\Views\yugioh\index.php(96): CodeIgniter\View\View->include('vacaciones/scri...')
#3 C:\laragon\www\porcolDev\vendor\codeigniter4\framework\system\View\View.php(246): include('C:\\laragon\\www\\...')
#4 C:\laragon\www\porcolDev\vendor\codeigniter4\framework\system\Common.php(1119): CodeIgniter\View\View->render('yugioh/index', Array, true)
#5 C:\laragon\www\porcolDev\app\Controllers\YugiohDuelController.php(21): view('yugioh/index')
#6 C:\laragon\www\porcolDev\vendor\codeigniter4\framework\system\CodeIgniter.php(918): App\Controllers\YugiohDuelController->index()
#7 C:\laragon\www\porcolDev\vendor\codeigniter4\framework\system\CodeIgniter.php(404): CodeIgniter\CodeIgniter->runController(Object(App\Controllers\YugiohDuelController))
#8 C:\laragon\www\porcolDev\vendor\codeigniter4\framework\system\CodeIgniter.php(312): CodeIgniter\CodeIgniter->handleRequest(NULL, Object(Config\Cache), false)
#9 C:\laragon\www\porcolDev\index.php(45): CodeIgniter\CodeIgniter->run()
#10 {main}
CRITICAL - 2025-09-30 22:27:43 --> Uncaught ErrorException: Undefined variable: viewFile in C:\laragon\www\porcolDev\vendor\codeigniter4\framework\system\Debug\Exceptions.php:308
Stack trace:
#0 C:\laragon\www\porcolDev\vendor\codeigniter4\framework\system\Debug\Exceptions.php(308): CodeIgniter\Debug\Exceptions->errorHandler(8, 'Undefined varia...', 'C:\\laragon\\www\\...', 308, Array)
#1 C:\laragon\www\porcolDev\vendor\codeigniter4\framework\system\Debug\Exceptions.php(308): include()
#2 C:\laragon\www\porcolDev\vendor\codeigniter4\framework\system\Debug\Exceptions.php(174): CodeIgniter\Debug\Exceptions->render(Object(CodeIgniter\View\Exceptions\ViewException), 500)
#3 [internal function]: CodeIgniter\Debug\Exceptions->exceptionHandler(Object(CodeIgniter\View\Exceptions\ViewException))
#4 {main}
  thrown
#0 [internal function]: CodeIgniter\Debug\Exceptions->shutdownHandler()
#1 {main}
INFO - 2025-09-30 22:27:44 --> Session: Class initialized using 'CodeIgniter\Session\Handlers\FileHandler' driver.
CRITICAL - 2025-09-30 22:27:44 --> Invalid file: vacaciones/script_crear.php
#0 C:\laragon\www\porcolDev\vendor\codeigniter4\framework\system\View\View.php(228): CodeIgniter\Exceptions\FrameworkException::forInvalidFile('vacaciones/scri...')
#1 C:\laragon\www\porcolDev\vendor\codeigniter4\framework\system\View\View.php(525): CodeIgniter\View\View->render('vacaciones/scri...', NULL, true)
#2 C:\laragon\www\porcolDev\app\Views\yugioh\index.php(96): CodeIgniter\View\View->include('vacaciones/scri...')
#3 C:\laragon\www\porcolDev\vendor\codeigniter4\framework\system\View\View.php(246): include('C:\\laragon\\www\\...')
#4 C:\laragon\www\porcolDev\vendor\codeigniter4\framework\system\Common.php(1119): CodeIgniter\View\View->render('yugioh/index', Array, true)
#5 C:\laragon\www\porcolDev\app\Controllers\YugiohDuelController.php(21): view('yugioh/index')
#6 C:\laragon\www\porcolDev\vendor\codeigniter4\framework\system\CodeIgniter.php(918): App\Controllers\YugiohDuelController->index()
#7 C:\laragon\www\porcolDev\vendor\codeigniter4\framework\system\CodeIgniter.php(404): CodeIgniter\CodeIgniter->runController(Object(App\Controllers\YugiohDuelController))
#8 C:\laragon\www\porcolDev\vendor\codeigniter4\framework\system\CodeIgniter.php(312): CodeIgniter\CodeIgniter->handleRequest(NULL, Object(Config\Cache), false)
#9 C:\laragon\www\porcolDev\index.php(45): CodeIgniter\CodeIgniter->run()
#10 {main}
CRITICAL - 2025-09-30 22:27:44 --> Uncaught ErrorException: Undefined variable: viewFile in C:\laragon\www\porcolDev\vendor\codeigniter4\framework\system\Debug\Exceptions.php:308
Stack trace:
#0 C:\laragon\www\porcolDev\vendor\codeigniter4\framework\system\Debug\Exceptions.php(308): CodeIgniter\Debug\Exceptions->errorHandler(8, 'Undefined varia...', 'C:\\laragon\\www\\...', 308, Array)
#1 C:\laragon\www\porcolDev\vendor\codeigniter4\framework\system\Debug\Exceptions.php(308): include()
#2 C:\laragon\www\porcolDev\vendor\codeigniter4\framework\system\Debug\Exceptions.php(174): CodeIgniter\Debug\Exceptions->render(Object(CodeIgniter\View\Exceptions\ViewException), 500)
#3 [internal function]: CodeIgniter\Debug\Exceptions->exceptionHandler(Object(CodeIgniter\View\Exceptions\ViewException))
#4 {main}
  thrown
#0 [internal function]: CodeIgniter\Debug\Exceptions->shutdownHandler()
#1 {main}
INFO - 2025-09-30 22:27:44 --> Session: Class initialized using 'CodeIgniter\Session\Handlers\FileHandler' driver.
CRITICAL - 2025-09-30 22:27:44 --> Invalid file: vacaciones/script_crear.php
#0 C:\laragon\www\porcolDev\vendor\codeigniter4\framework\system\View\View.php(228): CodeIgniter\Exceptions\FrameworkException::forInvalidFile('vacaciones/scri...')
#1 C:\laragon\www\porcolDev\vendor\codeigniter4\framework\system\View\View.php(525): CodeIgniter\View\View->render('vacaciones/scri...', NULL, true)
#2 C:\laragon\www\porcolDev\app\Views\yugioh\index.php(96): CodeIgniter\View\View->include('vacaciones/scri...')
#3 C:\laragon\www\porcolDev\vendor\codeigniter4\framework\system\View\View.php(246): include('C:\\laragon\\www\\...')
#4 C:\laragon\www\porcolDev\vendor\codeigniter4\framework\system\Common.php(1119): CodeIgniter\View\View->render('yugioh/index', Array, true)
#5 C:\laragon\www\porcolDev\app\Controllers\YugiohDuelController.php(21): view('yugioh/index')
#6 C:\laragon\www\porcolDev\vendor\codeigniter4\framework\system\CodeIgniter.php(918): App\Controllers\YugiohDuelController->index()
#7 C:\laragon\www\porcolDev\vendor\codeigniter4\framework\system\CodeIgniter.php(404): CodeIgniter\CodeIgniter->runController(Object(App\Controllers\YugiohDuelController))
#8 C:\laragon\www\porcolDev\vendor\codeigniter4\framework\system\CodeIgniter.php(312): CodeIgniter\CodeIgniter->handleRequest(NULL, Object(Config\Cache), false)
#9 C:\laragon\www\porcolDev\index.php(45): CodeIgniter\CodeIgniter->run()
#10 {main}
CRITICAL - 2025-09-30 22:27:44 --> Uncaught ErrorException: Undefined variable: viewFile in C:\laragon\www\porcolDev\vendor\codeigniter4\framework\system\Debug\Exceptions.php:308
Stack trace:
#0 C:\laragon\www\porcolDev\vendor\codeigniter4\framework\system\Debug\Exceptions.php(308): CodeIgniter\Debug\Exceptions->errorHandler(8, 'Undefined varia...', 'C:\\laragon\\www\\...', 308, Array)
#1 C:\laragon\www\porcolDev\vendor\codeigniter4\framework\system\Debug\Exceptions.php(308): include()
#2 C:\laragon\www\porcolDev\vendor\codeigniter4\framework\system\Debug\Exceptions.php(174): CodeIgniter\Debug\Exceptions->render(Object(CodeIgniter\View\Exceptions\ViewException), 500)
#3 [internal function]: CodeIgniter\Debug\Exceptions->exceptionHandler(Object(CodeIgniter\View\Exceptions\ViewException))
#4 {main}
  thrown
#0 [internal function]: CodeIgniter\Debug\Exceptions->shutdownHandler()
#1 {main}
INFO - 2025-09-30 22:27:59 --> Session: Class initialized using 'CodeIgniter\Session\Handlers\FileHandler' driver.
INFO - 2025-09-30 22:28:19 --> Session: Class initialized using 'CodeIgniter\Session\Handlers\FileHandler' driver.
CRITICAL - 2025-09-30 22:28:19 --> Invalid file: _layouts/_layouts.php
#0 C:\laragon\www\porcolDev\vendor\codeigniter4\framework\system\View\View.php(228): CodeIgniter\Exceptions\FrameworkException::forInvalidFile('_layouts/_layou...')
#1 C:\laragon\www\porcolDev\vendor\codeigniter4\framework\system\View\View.php(257): CodeIgniter\View\View->render('_layouts/_layou...', Array, true)
#2 C:\laragon\www\porcolDev\vendor\codeigniter4\framework\system\Common.php(1119): CodeIgniter\View\View->render('yugioh/index', Array, true)
#3 C:\laragon\www\porcolDev\app\Controllers\YugiohDuelController.php(21): view('yugioh/index')
#4 C:\laragon\www\porcolDev\vendor\codeigniter4\framework\system\CodeIgniter.php(918): App\Controllers\YugiohDuelController->index()
#5 C:\laragon\www\porcolDev\vendor\codeigniter4\framework\system\CodeIgniter.php(404): CodeIgniter\CodeIgniter->runController(Object(App\Controllers\YugiohDuelController))
#6 C:\laragon\www\porcolDev\vendor\codeigniter4\framework\system\CodeIgniter.php(312): CodeIgniter\CodeIgniter->handleRequest(NULL, Object(Config\Cache), false)
#7 C:\laragon\www\porcolDev\index.php(45): CodeIgniter\CodeIgniter->run()
#8 {main}
CRITICAL - 2025-09-30 22:28:19 --> Uncaught ErrorException: Undefined variable: viewFile in C:\laragon\www\porcolDev\vendor\codeigniter4\framework\system\Debug\Exceptions.php:308
Stack trace:
#0 C:\laragon\www\porcolDev\vendor\codeigniter4\framework\system\Debug\Exceptions.php(308): CodeIgniter\Debug\Exceptions->errorHandler(8, 'Undefined varia...', 'C:\\laragon\\www\\...', 308, Array)
#1 C:\laragon\www\porcolDev\vendor\codeigniter4\framework\system\Debug\Exceptions.php(308): include()
#2 C:\laragon\www\porcolDev\vendor\codeigniter4\framework\system\Debug\Exceptions.php(174): CodeIgniter\Debug\Exceptions->render(Object(CodeIgniter\View\Exceptions\ViewException), 500)
#3 [internal function]: CodeIgniter\Debug\Exceptions->exceptionHandler(Object(CodeIgniter\View\Exceptions\ViewException))
#4 {main}
  thrown
#0 [internal function]: CodeIgniter\Debug\Exceptions->shutdownHandler()
#1 {main}
INFO - 2025-09-30 22:28:35 --> Session: Class initialized using 'CodeIgniter\Session\Handlers\FileHandler' driver.
INFO - 2025-09-30 22:28:39 --> Session: Class initialized using 'CodeIgniter\Session\Handlers\FileHandler' driver.
INFO - 2025-09-30 22:32:31 --> Session: Class initialized using 'CodeIgniter\Session\Handlers\FileHandler' driver.
INFO - 2025-09-30 22:32:59 --> Session: Class initialized using 'CodeIgniter\Session\Handlers\FileHandler' driver.
INFO - 2025-09-30 22:33:53 --> Session: Class initialized using 'CodeIgniter\Session\Handlers\FileHandler' driver.
INFO - 2025-09-30 22:34:00 --> Session: Class initialized using 'CodeIgniter\Session\Handlers\FileHandler' driver.
INFO - 2025-09-30 22:34:35 --> Session: Class initialized using 'CodeIgniter\Session\Handlers\FileHandler' driver.
INFO - 2025-09-30 22:38:10 --> Session: Class initialized using 'CodeIgniter\Session\Handlers\FileHandler' driver.
INFO - 2025-09-30 22:38:15 --> Session: Class initialized using 'CodeIgniter\Session\Handlers\FileHandler' driver.
INFO - 2025-09-30 22:39:22 --> Session: Class initialized using 'CodeIgniter\Session\Handlers\FileHandler' driver.
INFO - 2025-09-30 22:39:39 --> Session: Class initialized using 'CodeIgniter\Session\Handlers\FileHandler' driver.
INFO - 2025-09-30 22:39:46 --> Session: Class initialized using 'CodeIgniter\Session\Handlers\FileHandler' driver.
INFO - 2025-09-30 22:40:34 --> Session: Class initialized using 'CodeIgniter\Session\Handlers\FileHandler' driver.
INFO - 2025-09-30 22:41:41 --> Session: Class initialized using 'CodeIgniter\Session\Handlers\FileHandler' driver.
INFO - 2025-09-30 22:42:01 --> Session: Class initialized using 'CodeIgniter\Session\Handlers\FileHandler' driver.
INFO - 2025-09-30 22:42:32 --> Session: Class initialized using 'CodeIgniter\Session\Handlers\FileHandler' driver.
INFO - 2025-09-30 22:43:05 --> Session: Class initialized using 'CodeIgniter\Session\Handlers\FileHandler' driver.
INFO - 2025-09-30 22:43:22 --> Session: Class initialized using 'CodeIgniter\Session\Handlers\FileHandler' driver.
INFO - 2025-09-30 22:43:42 --> Session: Class initialized using 'CodeIgniter\Session\Handlers\FileHandler' driver.
INFO - 2025-09-30 22:44:21 --> Session: Class initialized using 'CodeIgniter\Session\Handlers\FileHandler' driver.
INFO - 2025-09-30 22:47:24 --> Session: Class initialized using 'CodeIgniter\Session\Handlers\FileHandler' driver.
INFO - 2025-09-30 22:49:45 --> Session: Class initialized using 'CodeIgniter\Session\Handlers\FileHandler' driver.
INFO - 2025-09-30 22:50:13 --> Session: Class initialized using 'CodeIgniter\Session\Handlers\FileHandler' driver.
INFO - 2025-09-30 22:50:36 --> Session: Class initialized using 'CodeIgniter\Session\Handlers\FileHandler' driver.
INFO - 2025-09-30 22:50:57 --> Session: Class initialized using 'CodeIgniter\Session\Handlers\FileHandler' driver.
INFO - 2025-09-30 22:51:01 --> Session: Class initialized using 'CodeIgniter\Session\Handlers\FileHandler' driver.
INFO - 2025-09-30 22:59:56 --> Session: Class initialized using 'CodeIgniter\Session\Handlers\FileHandler' driver.
INFO - 2025-09-30 23:02:01 --> Session: Class initialized using 'CodeIgniter\Session\Handlers\FileHandler' driver.
INFO - 2025-09-30 23:02:06 --> Session: Class initialized using 'CodeIgniter\Session\Handlers\FileHandler' driver.
